<?xml version="1.0" encoding="UTF-8"?>
<!-- Generated by org.testng.reporters.JUnitXMLReporter -->
<testsuite ignored="0" hostname="DESKTOP-KQ8S6LS" failures="0" tests="6" name="Command line test" time="0.078" errors="0" timestamp="2021-02-03T14:34:07 IST">
  <testcase classname="qaclickacademy.AppiumTest" name="IOSApps" time="0.015"/>
  <testcase classname="qaclickacademy.AppiumTest" name="NativeApAndroid" time="0.0"/>
  <testcase classname="qaclickacademy.RestApiTest" name="PostJira" time="0.016"/>
  <testcase classname="qaclickacademy.RestApiTest" name="deleteTwitter" time="0.0"/>
  <testcase classname="qaclickacademy.SeleniumTest" name="BrowserAutomation" time="0.0"/>
  <testcase classname="qaclickacademy.SeleniumTest" name="elementsUi" time="0.0"/>
</testsuite> <!-- Command line test -->
