<?xml version="1.0" encoding="UTF-8"?>
<testng-results ignored="0" total="6" passed="6" failed="0" skipped="0">
  <reporter-output>
  </reporter-output>
  <suite started-at="2021-02-03T14:34:07 IST" name="Command line suite" finished-at="2021-02-03T14:34:07 IST" duration-ms="78">
    <groups>
    </groups>
    <test started-at="2021-02-03T14:34:07 IST" name="Command line test" finished-at="2021-02-03T14:34:07 IST" duration-ms="78">
      <class name="qaclickacademy.AppiumTest">
        <test-method signature="IOSApps()[pri:0, instance:qaclickacademy.AppiumTest@43d7741f]" started-at="2021-02-03T14:34:07 IST" name="IOSApps" finished-at="2021-02-03T14:34:07 IST" duration-ms="15" status="PASS">
          <reporter-output>
          </reporter-output>
        </test-method> <!-- IOSApps -->
        <test-method signature="NativeApAndroid()[pri:0, instance:qaclickacademy.AppiumTest@43d7741f]" started-at="2021-02-03T14:34:07 IST" name="NativeApAndroid" finished-at="2021-02-03T14:34:07 IST" duration-ms="0" status="PASS">
          <reporter-output>
          </reporter-output>
        </test-method> <!-- NativeApAndroid -->
      </class> <!-- qaclickacademy.AppiumTest -->
      <class name="qaclickacademy.RestApiTest">
        <test-method signature="PostJira()[pri:0, instance:qaclickacademy.RestApiTest@17baae6e]" started-at="2021-02-03T14:34:07 IST" name="PostJira" finished-at="2021-02-03T14:34:07 IST" duration-ms="16" status="PASS">
          <reporter-output>
          </reporter-output>
        </test-method> <!-- PostJira -->
        <test-method signature="deleteTwitter()[pri:0, instance:qaclickacademy.RestApiTest@17baae6e]" started-at="2021-02-03T14:34:07 IST" name="deleteTwitter" finished-at="2021-02-03T14:34:07 IST" duration-ms="0" status="PASS">
          <reporter-output>
          </reporter-output>
        </test-method> <!-- deleteTwitter -->
      </class> <!-- qaclickacademy.RestApiTest -->
      <class name="qaclickacademy.SeleniumTest">
        <test-method signature="elementsUi()[pri:0, instance:qaclickacademy.SeleniumTest@69379752]" started-at="2021-02-03T14:34:07 IST" name="elementsUi" finished-at="2021-02-03T14:34:07 IST" duration-ms="0" status="PASS">
          <reporter-output>
          </reporter-output>
        </test-method> <!-- elementsUi -->
        <test-method signature="BrowserAutomation()[pri:0, instance:qaclickacademy.SeleniumTest@69379752]" started-at="2021-02-03T14:34:07 IST" name="BrowserAutomation" finished-at="2021-02-03T14:34:07 IST" duration-ms="0" status="PASS">
          <reporter-output>
          </reporter-output>
        </test-method> <!-- BrowserAutomation -->
      </class> <!-- qaclickacademy.SeleniumTest -->
    </test> <!-- Command line test -->
  </suite> <!-- Command line suite -->
</testng-results>
